
> students@0.0.0 dev
> vite


  VITE v6.4.1  ready in 294 ms

  ➜  Local:   http://localhost:5000/
  ➜  Network: http://192.168.0.2:5000/
1:05:45 PM [vite] (client) hmr update /components/WeeklyTestView.tsx
1:05:55 PM [vite] (client) hmr update /components/StudentDashboard.tsx
2:11:14 PM [vite] (client) hmr update /App.tsx, /components/StudentDashboard.tsx, /components/AdminDashboard.tsx, /components/AdminDevAssistant.tsx, /components/admin/ChallengeCreator20.tsx
2:29:19 PM [vite] (client) hmr update /components/Store.tsx
2:34:12 PM [vite] (client) hmr update /components/StudentDashboard.tsx
2:36:20 PM [vite] (client) hmr update /components/AdminDashboard.tsx
2:42:15 PM [vite] (client) hmr update /components/StudentDashboard.tsx
2:44:49 PM [vite] (client) hmr update /components/Store.tsx
4:22:54 PM [vite] (client) hmr update /components/Store.tsx
4:24:41 PM [vite] (client) hmr update /components/StudentDashboard.tsx
4:25:50 PM [vite] (client) hmr update /components/VideoPlaylistView.tsx
4:26:18 PM [vite] (client) hmr update /components/PdfView.tsx
4:26:44 PM [vite] (client) hmr update /components/McqView.tsx
4:28:31 PM [vite] (client) hmr update /App.tsx, /components/StudentDashboard.tsx, /components/AdminDashboard.tsx, /components/AdminDevAssistant.tsx, /components/admin/ChallengeCreator20.tsx
4:28:58 PM [vite] (client) hmr update /components/AdminDashboard.tsx
4:30:09 PM [vite] (client) hmr update /components/AdminDashboard.tsx
4:30:54 PM [vite] (client) hmr update /components/AdminDashboard.tsx
4:31:25 PM [vite] (client) hmr update /components/RedeemSection.tsx
5:19:34 PM [vite] (client) hmr update /components/StudentDashboard.tsx
5:20:57 PM [vite] (client) hmr update /components/StudentDashboard.tsx
5:22:16 PM [vite] (client) hmr update /components/StudentDashboard.tsx
6:21:42 PM [vite] (client) hmr update /components/WelcomePopup.tsx
1:29:45 AM [vite] (client) hmr update /App.tsx
